
Morphological changes:
	[d] -> [t]	suffix
	[ʌ] -> [e]	infix
	[e] -> [o]	infix
	[e] -> [ʊ]	infix
	[ik] -> [ɔt]	suffix
	[] -> []	suffix
	[il] -> [ɛlt]	suffix
	[ɪŋk] -> [ɔt]	suffix
	[Y] -> [ɔ]	infix
	[i] -> [e]	prefix
	[in] -> [ɛnt]	suffix
	[Y] -> [ʌ]	infix
	[Y] -> [o]	infix
	[ip] -> [ɛpt]	suffix
	[Y] -> [ɔt]	suffix
	[ɪ] -> [ʌ]	infix
	[go] -> [wɛnt]	suffix
	[Y] -> [e]	suffix
	[ɪ] -> [æ]	infix
	[æʧ] -> [ɔt]	suffix
	[ɪŋ] -> [ɔt]	suffix
	[æn] -> [ʊ]	infix
	[uz] -> [ɔst]	suffix
	[iv] -> [ɛft]	suffix
	[ɔ] -> [ɛ]	infix
	[ɪ] -> [e]	infix
	[iʧ] -> [ɔt]	suffix
	[ir] -> [ɚd]	suffix
	[Y] -> [W]	infix
	[o] -> [ɛ]	infix
	[] -> [t]	suffix
	[ɔ] -> [u]	suffix
	[u] -> [o]	infix
	[i] -> [ɛ]	infix
	[o] -> [u]	suffix
	[u] -> [ɪd]	suffix
	[e] -> [ɛd]	suffix
	[æ] -> [ʌ]	infix
	[ʌ] -> [æ]	infix
	[ɛ] -> [a]	infix
	[] -> [əd]	suffix
	[i] -> [ɔ]	suffix
	[] -> [d]	suffix
	[ɛl] -> [old]	suffix
	[i] -> [o]	infix

